Vivado Simulator v2023.1
Copyright 1986-2022 Xilinx, Inc. All Rights Reserved.
Copyright 2022-2023 Advanced Micro Devices, Inc. All Rights Reserved.
Running: D:/Xilinx/Vivado/2023.1/bin/unwrapped/win64.o/xelab.exe --incr --debug typical --relax --mt 2 -L xil_defaultlib -L secureip --snapshot neural_network_func_impl xil_defaultlib.neural_network -log elaborate.log 
Using 2 slave threads.
Starting static elaboration
Completed static elaboration
Starting simulation data flow analysis
Completed simulation data flow analysis
Time Resolution for simulation is 1ps
Compiling package std.standard
Compiling package std.textio
Compiling package ieee.std_logic_1164
Compiling package ieee.numeric_std
Compiling package unisim.vcomponents
Compiling package ieee.vital_timing
Compiling package ieee.vital_primitives
Compiling package unisim.vpkg
Compiling package ieee.std_logic_arith
Compiling package ieee.std_logic_signed
Compiling package ieee.std_logic_textio
Compiling architecture fdre_v of entity unisim.FDRE [\FDRE(init='1')\]
Compiling architecture fdre_v of entity unisim.FDRE [fdre_default]
Compiling architecture obuft_v of entity unisim.OBUFT [\OBUFT(1,9)(1,7)(1,4)\]
Compiling architecture ibuf_v of entity unisim.IBUF [\IBUF(1,9)(1,1)(1,4)(1,7)\]
Compiling architecture lut1_v of entity unisim.LUT1 [\LUT1(init="0001")(0,3)\]
Compiling architecture carry4_v of entity unisim.CARRY4 [carry4_default]
Compiling architecture lut2_v of entity unisim.LUT2 [\LUT2(init="0010")(0,3)\]
Compiling architecture lut2_v of entity unisim.LUT2 [\LUT2(init="1110")(0,3)\]
Compiling architecture lut6_v of entity unisim.LUT6 [\LUT6(init="11111111111111111111...]
Compiling architecture lut3_v of entity unisim.LUT3 [\LUT3(init="10111010")(0,7)\]
Compiling architecture lut6_v of entity unisim.LUT6 [\LUT6(init="11111111111111111111...]
Compiling architecture obuf_v of entity unisim.OBUF [\OBUF(1,9)(1,7)(1,4)\]
Compiling architecture bufg_v of entity unisim.BUFG [bufg_default]
Compiling architecture lut5_v of entity unisim.LUT5 [\LUT5(init="11111111111000001110...]
Compiling architecture lut4_v of entity unisim.LUT4 [\LUT4(init="1111111111111110")(0...]
Compiling architecture lut6_v of entity unisim.LUT6 [\LUT6(init="00000000000000000011...]
Compiling architecture lut6_v of entity unisim.LUT6 [\LUT6(init="00000000000000000000...]
Compiling architecture lut6_v of entity unisim.LUT6 [\LUT6(init="00000000000000000000...]
Compiling architecture lut2_v of entity unisim.LUT2 [\LUT2(init="1011")(0,3)\]
Compiling architecture lut5_v of entity unisim.LUT5 [\LUT5(init="11111111111111111111...]
Compiling architecture lut3_v of entity unisim.LUT3 [\LUT3(init="00010000")(0,7)\]
Compiling architecture lut4_v of entity unisim.LUT4 [\LUT4(init="0101000000000010")(0...]
Compiling architecture lut6_v of entity unisim.LUT6 [\LUT6(init="10101111101000001100...]
Compiling architecture lut6_v of entity unisim.LUT6 [\LUT6(init="00000011000000000000...]
Compiling architecture lut2_v of entity unisim.LUT2 [\LUT2(init="0001")(0,3)\]
Compiling architecture lut3_v of entity unisim.LUT3 [\LUT3(init="10111000")(0,7)\]
Compiling architecture lut6_v of entity unisim.LUT6 [\LUT6(init="11111100101011110000...]
Compiling architecture lut5_v of entity unisim.LUT5 [\LUT5(init="00000010000000100000...]
Compiling architecture lut4_v of entity unisim.LUT4 [\LUT4(init="1001010101010101")(0...]
Compiling architecture lut4_v of entity unisim.LUT4 [\LUT4(init="0011011100111000")(0...]
Compiling architecture structure of entity xil_defaultlib.\compare_0_xbip_pipe_v3_0_6_viv__parameterized15_4\ [\compare_0_xbip_pipe_v3_0_6_viv_...]
Compiling architecture structure of entity xil_defaultlib.\compare_0_delay__parameterized6\ [\compare_0_delay__parameterized6...]
Compiling architecture structure of entity xil_defaultlib.\compare_0_xbip_pipe_v3_0_6_viv__parameterized13\ [\compare_0_xbip_pipe_v3_0_6_viv_...]
Compiling architecture structure of entity xil_defaultlib.\compare_0_delay__parameterized5\ [\compare_0_delay__parameterized5...]
Compiling architecture structure of entity xil_defaultlib.\compare_0_xbip_pipe_v3_0_6_viv__parameterized15\ [\compare_0_xbip_pipe_v3_0_6_viv_...]
Compiling architecture structure of entity xil_defaultlib.\compare_0_delay__parameterized7\ [\compare_0_delay__parameterized7...]
Compiling architecture structure of entity xil_defaultlib.\compare_0_carry_chain__parameterized2\ [\compare_0_carry_chain__paramete...]
Compiling architecture lut6_v of entity unisim.LUT6 [\LUT6(init="10010000000010010000...]
